<?xml version="1.0" encoding="UTF-8"?>
<testng-results ignored="0" total="2" passed="2" failed="0" skipped="0">
  <reporter-output>
  </reporter-output>
  <suite started-at="2024-07-05T15:59:26 IST" name="Default suite" finished-at="2024-07-05T15:59:33 IST" duration-ms="6799">
    <groups>
    </groups>
    <test started-at="2024-07-05T15:59:26 IST" name="Default test" finished-at="2024-07-05T15:59:33 IST" duration-ms="6799">
      <class name="api.req.test.CreateUserTest">
        <test-method is-config="true" signature="setup()[pri:0, instance:api.req.test.CreateUserTest@6892b3b6]" started-at="2024-07-05T15:59:26 IST" name="setup" finished-at="2024-07-05T15:59:26 IST" duration-ms="22" status="PASS">
          <reporter-output>
          </reporter-output>
        </test-method> <!-- setup -->
        <test-method signature="registeruser(org.testng.ITestContext)[pri:1, instance:api.req.test.CreateUserTest@6892b3b6]" started-at="2024-07-05T15:59:26 IST" name="registeruser" finished-at="2024-07-05T15:59:32 IST" duration-ms="5534" status="PASS">
          <params>
            <param index="0">
              <value>
                <![CDATA[org.testng.TestRunner@2d29b4ee]]>
              </value>
            </param>
          </params>
          <reporter-output>
          </reporter-output>
        </test-method> <!-- registeruser -->
        <test-method signature="deletedata(org.testng.ITestContext)[pri:2, instance:api.req.test.CreateUserTest@6892b3b6]" started-at="2024-07-05T15:59:32 IST" name="deletedata" finished-at="2024-07-05T15:59:33 IST" duration-ms="1151" status="PASS">
          <params>
            <param index="0">
              <value>
                <![CDATA[org.testng.TestRunner@2d29b4ee]]>
              </value>
            </param>
          </params>
          <reporter-output>
          </reporter-output>
        </test-method> <!-- deletedata -->
      </class> <!-- api.req.test.CreateUserTest -->
    </test> <!-- Default test -->
  </suite> <!-- Default suite -->
</testng-results>
